     1                                  ; nani.asm
     2                                  [bits 32]
     3                                  
     4                                              org 0x08048000
     5                                  
     6                                  ehdr:
     7 00000000 7F454C4601010100                    db 0x7F, "ELF", 1, 1, 1, 0
     8 00000008 00<rept>                    times 8 db  0
     9 00000010 0200                                dw  2
    10 00000012 0300                                dw  3
    11 00000014 01000000                            dd  1
    12 00000018 [54000000]                          dd  nani_main
    13 0000001C 34000000                            dd  phdr - $$
    14 00000020 00000000                            dd  0
    15 00000024 00000000                            dd  0
    16 00000028 3400                                dw  ehdrsize
    17 0000002A 2000                                dw  phdrsize
    18 0000002C 0100                                dw  1
    19 0000002E 0000                                dw  0
    20 00000030 0000                                dw  0
    21 00000032 0000                                dw  0
    22                                  ehdrsize    equ $ - ehdr
    23                                  
    24                                  phdr:
    25 00000034 01000000                            dd  1
    26 00000038 00000000                            dd  0
    27 0000003C [00000000]                          dd  $$
    28 00000040 [00000000]                          dd  $$
    29 00000044 54000000                            dd  filesize
    30 00000048 54000000                            dd  filesize
    31 0000004C 05000000                            dd  5
    32 00000050 00100000                            dd  0x1000
    33                                  phdrsize    equ $ - phdr
    34                                  
    35                                  filesize    equ $ - $$
    36                                  
    37                                  nani_main:
    38 00000054 B801000000                  mov eax, 1
    39 00000059 CD80                        int 0x80
